<?xml version="1.0" encoding="UTF-8"?>
<!-- Generated by org.testng.reporters.JUnitXMLReporter -->
<testsuite ignored="0" hostname="ALIPL1458" failures="0" tests="4" name="Default test" time="38.708" errors="0" timestamp="2023-11-11T15:54:31 IST">
  <testcase classname="automate1.cura_loginTest" name="LoginNegativeTC" time="1.721"/>
  <testcase classname="automate1.cura_loginTest" name="LoginPositiveTC" time="1.156"/>
  <testcase classname="automate1.cura_loginTest" name="MakeAppointment" time="5.049"/>
  <testcase classname="automate1.cura_loginTest" name="confirmation" time="0.109"/>
</testsuite> <!-- Default test -->
